<?xml version="1.0" encoding="UTF-8"?>
<robot generator="Robot 4.1.3 (Python 3.10.2 on win32)" generated="20220205 20:41:21.623" rpa="false" schemaversion="2">
<suite id="s1" name="GoogleSearch" source="D:\Robot frameWork\Tests\Google\FunctionalTestSuite\GoogleSearch.robot">
<test id="s1-t1" name="This is sample test case">
<kw name="Open Browser https://www.google.co.in/">
<arg>chrome</arg>
<msg timestamp="20220205 20:41:22.222" level="FAIL">No keyword with name 'Open Browser https://www.google.co.in/' found.</msg>
<status status="FAIL" starttime="20220205 20:41:22.222" endtime="20220205 20:41:22.222"/>
</kw>
<kw name="Close Browser" library="SeleniumLibrary">
<doc>Closes the current browser.</doc>
<status status="NOT RUN" starttime="20220205 20:41:22.223" endtime="20220205 20:41:22.223"/>
</kw>
<status status="FAIL" starttime="20220205 20:41:22.219" endtime="20220205 20:41:22.224">No keyword with name 'Open Browser https://www.google.co.in/' found.</status>
</test>
<status status="FAIL" starttime="20220205 20:41:21.626" endtime="20220205 20:41:22.225"/>
</suite>
<statistics>
<total>
<stat pass="0" fail="1" skip="0">All Tests</stat>
</total>
<tag>
</tag>
<suite>
<stat pass="0" fail="1" skip="0" id="s1" name="GoogleSearch">GoogleSearch</stat>
</suite>
</statistics>
<errors>
<msg timestamp="20220205 20:41:21.626" level="ERROR">Error in file 'D:\Robot frameWork\Tests\Google\FunctionalTestSuite\GoogleSearch.robot' on line 6: Setting variable '${browser} chrome' failed: Invalid variable name '${browser} chrome'.</msg>
</errors>
</robot>
